# JRE version: Java(TM) SE Runtime Environment 18.9 (11.0.16.1+1) (build 11.0.16.1+1-LTS-1)
# Java VM: Java HotSpot(TM) 64-Bit Server VM 18.9 (11.0.16.1+1-LTS-1, mixed mode, tiered, compressed oops, g1 gc, windows-amd64)
Heap:
 garbage-first heap   total 310272K, used 209885K [0x0000000704000000, 0x0000000800000000)
  region size 1024K, 160 young (163840K), 15 survivors (15360K)
 Metaspace       used 106655K, capacity 109155K, committed 109260K, reserved 1144832K
  class space    used 13506K, capacity 14493K, committed 14540K, reserved 1048576K
GC Heap History (10 events):
Event: 29.933 GC heap before
{Heap before GC invocations=19 (full 0):
 garbage-first heap   total 310272K, used 222932K [0x0000000704000000, 0x0000000800000000)
  region size 1024K, 181 young (185344K), 10 survivors (10240K)
 Metaspace       used 92614K, capacity 94618K, committed 94848K, reserved 1132544K
  class space    used 11514K, capacity 12300K, committed 12416K, reserved 1048576K
}
Event: 29.950 GC heap after
{Heap after GC invocations=20 (full 0):
 garbage-first heap   total 310272K, used 53306K [0x0000000704000000, 0x0000000800000000)
  region size 1024K, 15 young (15360K), 15 survivors (15360K)
 Metaspace       used 92614K, capacity 94618K, committed 94848K, reserved 1132544K
  class space    used 11514K, capacity 12300K, committed 12416K, reserved 1048576K
}
Event: 32.508 GC heap before
{Heap before GC invocations=20 (full 0):
 garbage-first heap   total 310272K, used 226362K [0x0000000704000000, 0x0000000800000000)
  region size 1024K, 181 young (185344K), 15 survivors (15360K)
 Metaspace       used 95225K, capacity 97360K, committed 97408K, reserved 1134592K
  class space    used 11790K, capacity 12651K, committed 12672K, reserved 1048576K
}
Event: 32.537 GC heap after
{Heap after GC invocations=21 (full 0):
 garbage-first heap   total 310272K, used 57593K [0x0000000704000000, 0x0000000800000000)
  region size 1024K, 16 young (16384K), 16 survivors (16384K)
 Metaspace       used 95225K, capacity 97360K, committed 97408K, reserved 1134592K
  class space    used 11790K, capacity 12651K, committed 12672K, reserved 1048576K
}
Event: 34.161 GC heap before
{Heap before GC invocations=21 (full 0):
 garbage-first heap   total 310272K, used 228601K [0x0000000704000000, 0x0000000800000000)
  region size 1024K, 181 young (185344K), 16 survivors (16384K)
 Metaspace       used 95471K, capacity 97596K, committed 97792K, reserved 1134592K
  class space    used 11811K, capacity 12687K, committed 12800K, reserved 1048576K
}
Event: 34.177 GC heap after
{Heap after GC invocations=22 (full 0):
 garbage-first heap   total 310272K, used 55982K [0x0000000704000000, 0x0000000800000000)
  region size 1024K, 9 young (9216K), 9 survivors (9216K)
 Metaspace       used 95471K, capacity 97596K, committed 97792K, reserved 1134592K
  class space    used 11811K, capacity 12687K, committed 12800K, reserved 1048576K
}
Event: 36.056 GC heap before
{Heap before GC invocations=22 (full 0):
 garbage-first heap   total 310272K, used 169646K [0x0000000704000000, 0x0000000800000000)
  region size 1024K, 121 young (123904K), 9 survivors (9216K)
 Metaspace       used 97513K, capacity 99805K, committed 99840K, reserved 1136640K
  class space    used 12105K, capacity 13021K, committed 13056K, reserved 1048576K
}
Event: 36.072 GC heap after
{Heap after GC invocations=23 (full 0):
 garbage-first heap   total 310272K, used 59587K [0x0000000704000000, 0x0000000800000000)
  region size 1024K, 13 young (13312K), 13 survivors (13312K)
 Metaspace       used 97513K, capacity 99805K, committed 99840K, reserved 1136640K
  class space    used 12105K, capacity 13021K, committed 13056K, reserved 1048576K
}
Event: 42.067 GC heap before
{Heap before GC invocations=24 (full 0):
 garbage-first heap   total 310272K, used 231619K [0x0000000704000000, 0x0000000800000000)
  region size 1024K, 181 young (185344K), 13 survivors (13312K)
 Metaspace       used 101371K, capacity 103689K, committed 103884K, reserved 1138688K
  class space    used 12739K, capacity 13671K, committed 13772K, reserved 1048576K
}
Event: 42.086 GC heap after
{Heap after GC invocations=25 (full 0):
 garbage-first heap   total 310272K, used 62429K [0x0000000704000000, 0x0000000800000000)
  region size 1024K, 15 young (15360K), 15 survivors (15360K)
 Metaspace       used 101371K, capacity 103689K, committed 103884K, reserved 1138688K
  class space    used 12739K, capacity 13671K, committed 13772K, reserved 1048576K
}

